0 info it worked if it ends with ok
1 verbose cli [ 'C:\\Program Files (x86)\\nodejs\\node.exe',
1 verbose cli   'C:\\Users\\Behin\\AppData\\Roaming\\npm\\node_modules\\npm\\bin\\npm-cli.js',
1 verbose cli   'start' ]
2 info using npm@3.10.10
3 info using node@v10.15.1
4 verbose run-script [ 'prestart', 'start', 'poststart' ]
5 info lifecycle pizza-delivery-app@1.0.0~prestart: pizza-delivery-app@1.0.0
6 silly lifecycle pizza-delivery-app@1.0.0~prestart: no script for prestart, continuing
7 info lifecycle pizza-delivery-app@1.0.0~start: pizza-delivery-app@1.0.0
8 verbose lifecycle pizza-delivery-app@1.0.0~start: unsafe-perm in lifecycle true
9 verbose lifecycle pizza-delivery-app@1.0.0~start: PATH: C:\Users\Behin\AppData\Roaming\npm\node_modules\npm\bin\node-gyp-bin;E:\Projects\PizzaDelivery-Backend\node_modules\.bin;E:\Projects\PizzaDelivery-Backend\node_modules\.bin;C:\ProgramData\Oracle\Java\javapath;C:\Program Files (x86)\Intel\iCLS Client\;C:\Program Files\Intel\iCLS Client\;C:\Windows\system32;C:\Windows;C:\Windows\System32\Wbem;C:\Windows\System32\WindowsPowerShell\v1.0\;C:\Windows\System32\OpenSSH\;C:\Program Files (x86)\Intel\Intel(R) Management Engine Components\DAL;C:\Program Files\Intel\Intel(R) Management Engine Components\DAL;C:\Program Files (x86)\Intel\Intel(R) Management Engine Components\IPT;C:\Program Files\Intel\Intel(R) Management Engine Components\IPT;C:\Program Files (x86)\NVIDIA Corporation\PhysX\Common;C:\Program Files (x86)\Windows Kits\10\Windows Performance Toolkit\;C:\Program Files\Microsoft SQL Server\130\Tools\Binn\;C:\Program Files\dotnet\;C:\Program Files (x86)\nodejs\;C:\Program Files\Git\cmd;C:\PostgreSQL\pg10\bin;C:\Users\Behin\AppData\Local\Microsoft\WindowsApps;C:\Users\Behin\AppData\Roaming\npm;C:\Program Files\Java\jdk1.8.0_162\bin;E:\Softwares\gradle-4.9-bin\gradle-4.9\bin;C:\Users\Behin\AppData\Local\Programs\MiKTeX 2.9\miktex\bin\x64\;C:\Program Files\MongoDB\Server\4.2\bin;C:\Program Files\heroku\bin
10 verbose lifecycle pizza-delivery-app@1.0.0~start: CWD: E:\Projects\PizzaDelivery-Backend
11 silly lifecycle pizza-delivery-app@1.0.0~start: Args: [ '/d /s /c', 'node server.js' ]
12 silly lifecycle pizza-delivery-app@1.0.0~start: Returned: code: 1  signal: null
13 info lifecycle pizza-delivery-app@1.0.0~start: Failed to exec start script
14 verbose stack Error: pizza-delivery-app@1.0.0 start: `node server.js`
14 verbose stack Exit status 1
14 verbose stack     at EventEmitter.<anonymous> (C:\Users\Behin\AppData\Roaming\npm\node_modules\npm\lib\utils\lifecycle.js:255:16)
14 verbose stack     at EventEmitter.emit (events.js:189:13)
14 verbose stack     at ChildProcess.<anonymous> (C:\Users\Behin\AppData\Roaming\npm\node_modules\npm\lib\utils\spawn.js:40:14)
14 verbose stack     at ChildProcess.emit (events.js:189:13)
14 verbose stack     at maybeClose (internal/child_process.js:970:16)
14 verbose stack     at Process.ChildProcess._handle.onexit (internal/child_process.js:259:5)
15 verbose pkgid pizza-delivery-app@1.0.0
16 verbose cwd E:\Projects\PizzaDelivery-Backend
17 error Windows_NT 10.0.17134
18 error argv "C:\\Program Files (x86)\\nodejs\\node.exe" "C:\\Users\\Behin\\AppData\\Roaming\\npm\\node_modules\\npm\\bin\\npm-cli.js" "start"
19 error node v10.15.1
20 error npm  v3.10.10
21 error code ELIFECYCLE
22 error pizza-delivery-app@1.0.0 start: `node server.js`
22 error Exit status 1
23 error Failed at the pizza-delivery-app@1.0.0 start script 'node server.js'.
23 error Make sure you have the latest version of node.js and npm installed.
23 error If you do, this is most likely a problem with the pizza-delivery-app package,
23 error not with npm itself.
23 error Tell the author that this fails on your system:
23 error     node server.js
23 error You can get information on how to open an issue for this project with:
23 error     npm bugs pizza-delivery-app
23 error Or if that isn't available, you can get their info via:
23 error     npm owner ls pizza-delivery-app
23 error There is likely additional logging output above.
24 verbose exit [ 1, true ]
